# JRE version: OpenJDK Runtime Environment JBR-21.0.9+1-1163.94-nomod (21.0.9+1) (build 21.0.9+1-b1163.94)
# Java VM: OpenJDK 64-Bit Server VM JBR-21.0.9+1-1163.94-nomod (21.0.9+1-b1163.94, mixed mode, sharing, tiered, compressed oops, compressed class ptrs, g1 gc, windows-amd64)
GC Precious Log:
 CardTable entry size: 512
 Card Set container configuration: InlinePtr #cards 5 size 8 Array Of Cards #cards 12 size 40 Howl #buckets 4 coarsen threshold 1843 Howl Bitmap #cards 512 size 80 coarsen threshold 460 Card regions per heap region 1 cards per card region 2048
 CPUs: 12 total, 12 available
 Memory: 32683M
 Large Page Support: Disabled
 NUMA Support: Disabled
 Compressed Oops: Enabled (32-bit)
 Heap Region Size: 1M
 Heap Min Capacity: 8M
 Heap Initial Capacity: 512M
 Heap Max Capacity: 1G
 Pre-touch: Disabled
 Parallel Workers: 10
 Concurrent Workers: 3
 Concurrent Refinement Workers: 10
 Periodic GC: Disabled
Heap:
 garbage-first heap   total 307200K, used 264937K [0x00000000c0000000, 0x0000000100000000)
  region size 1024K, 148 young (151552K), 11 survivors (11264K)
 Metaspace       used 89972K, committed 91840K, reserved 1179648K
  class space    used 13023K, committed 13952K, reserved 1048576K
GC Heap History (20 events):
Event: 804.259 GC heap after
{Heap after GC invocations=24 (full 0):
 garbage-first heap   total 307200K, used 138539K [0x00000000c0000000, 0x0000000100000000)
  region size 1024K, 15 young (15360K), 15 survivors (15360K)
 Metaspace       used 66413K, committed 68288K, reserved 1114112K
  class space    used 9440K, committed 10368K, reserved 1048576K
}
Event: 3143.737 GC heap before
{Heap before GC invocations=24 (full 0):
 garbage-first heap   total 307200K, used 251179K [0x00000000c0000000, 0x0000000100000000)
  region size 1024K, 120 young (122880K), 15 survivors (15360K)
 Metaspace       used 66788K, committed 68672K, reserved 1114112K
  class space    used 9442K, committed 10368K, reserved 1048576K
}
Event: 3143.751 GC heap after
{Heap after GC invocations=25 (full 0):
 garbage-first heap   total 307200K, used 136238K [0x00000000c0000000, 0x0000000100000000)
  region size 1024K, 9 young (9216K), 9 survivors (9216K)
 Metaspace       used 66788K, committed 68672K, reserved 1114112K
  class space    used 9442K, committed 10368K, reserved 1048576K
}
Event: 3143.764 GC heap before
{Heap before GC invocations=25 (full 0):
 garbage-first heap   total 307200K, used 137262K [0x00000000c0000000, 0x0000000100000000)
  region size 1024K, 12 young (12288K), 9 survivors (9216K)
 Metaspace       used 66789K, committed 68672K, reserved 1114112K
  class space    used 9442K, committed 10368K, reserved 1048576K
}
Event: 3143.767 GC heap after
{Heap after GC invocations=26 (full 0):
 garbage-first heap   total 307200K, used 138204K [0x00000000c0000000, 0x0000000100000000)
  region size 1024K, 11 young (11264K), 11 survivors (11264K)
 Metaspace       used 66789K, committed 68672K, reserved 1114112K
  class space    used 9442K, committed 10368K, reserved 1048576K
}
Event: 3145.038 GC heap before
{Heap before GC invocations=27 (full 0):
 garbage-first heap   total 307200K, used 229340K [0x00000000c0000000, 0x0000000100000000)
  region size 1024K, 97 young (99328K), 11 survivors (11264K)
 Metaspace       used 64049K, committed 68672K, reserved 1114112K
  class space    used 8762K, committed 10368K, reserved 1048576K
}
Event: 3145.044 GC heap after
{Heap after GC invocations=28 (full 0):
 garbage-first heap   total 307200K, used 142196K [0x00000000c0000000, 0x0000000100000000)
  region size 1024K, 8 young (8192K), 8 survivors (8192K)
 Metaspace       used 64049K, committed 68672K, reserved 1114112K
  class space    used 8762K, committed 10368K, reserved 1048576K
}
Event: 3986.050 GC heap before
{Heap before GC invocations=28 (full 0):
 garbage-first heap   total 307200K, used 243572K [0x00000000c0000000, 0x0000000100000000)
  region size 1024K, 98 young (100352K), 8 survivors (8192K)
 Metaspace       used 65448K, committed 68736K, reserved 1114112K
  class space    used 9044K, committed 10368K, reserved 1048576K
}
Event: 3986.057 GC heap after
{Heap after GC invocations=29 (full 0):
 garbage-first heap   total 307200K, used 124361K [0x00000000c0000000, 0x0000000100000000)
  region size 1024K, 13 young (13312K), 13 survivors (13312K)
 Metaspace       used 65448K, committed 68736K, reserved 1114112K
  class space    used 9044K, committed 10368K, reserved 1048576K
}
Event: 4313.280 GC heap before
{Heap before GC invocations=29 (full 0):
 garbage-first heap   total 307200K, used 232905K [0x00000000c0000000, 0x0000000100000000)
  region size 1024K, 118 young (120832K), 13 survivors (13312K)
 Metaspace       used 65614K, committed 68800K, reserved 1114112K
  class space    used 9055K, committed 10368K, reserved 1048576K
}
Event: 4313.286 GC heap after
{Heap after GC invocations=30 (full 0):
 garbage-first heap   total 307200K, used 105671K [0x00000000c0000000, 0x0000000100000000)
  region size 1024K, 5 young (5120K), 5 survivors (5120K)
 Metaspace       used 65614K, committed 68800K, reserved 1114112K
  class space    used 9055K, committed 10368K, reserved 1048576K
}
Event: 4517.919 GC heap before
{Heap before GC invocations=30 (full 0):
 garbage-first heap   total 307200K, used 188615K [0x00000000c0000000, 0x0000000100000000)
  region size 1024K, 88 young (90112K), 5 survivors (5120K)
 Metaspace       used 71431K, committed 72896K, reserved 1114112K
  class space    used 10065K, committed 10752K, reserved 1048576K
}
Event: 4517.924 GC heap after
{Heap after GC invocations=31 (full 0):
 garbage-first heap   total 307200K, used 105222K [0x00000000c0000000, 0x0000000100000000)
  region size 1024K, 6 young (6144K), 6 survivors (6144K)
 Metaspace       used 71431K, committed 72896K, reserved 1114112K
  class space    used 10065K, committed 10752K, reserved 1048576K
}
Event: 4519.262 GC heap before
{Heap before GC invocations=32 (full 0):
 garbage-first heap   total 307200K, used 232198K [0x00000000c0000000, 0x0000000100000000)
  region size 1024K, 139 young (142336K), 6 survivors (6144K)
 Metaspace       used 80324K, committed 81792K, reserved 1179648K
  class space    used 11429K, committed 12096K, reserved 1048576K
}
Event: 4519.271 GC heap after
{Heap after GC invocations=33 (full 0):
 garbage-first heap   total 307200K, used 107343K [0x00000000c0000000, 0x0000000100000000)
  region size 1024K, 16 young (16384K), 16 survivors (16384K)
 Metaspace       used 80324K, committed 81792K, reserved 1179648K
  class space    used 11429K, committed 12096K, reserved 1048576K
}
Event: 4520.693 GC heap before
{Heap before GC invocations=33 (full 0):
 garbage-first heap   total 307200K, used 247631K [0x00000000c0000000, 0x0000000100000000)
  region size 1024K, 152 young (155648K), 16 survivors (16384K)
 Metaspace       used 87426K, committed 89088K, reserved 1179648K
  class space    used 12711K, committed 13504K, reserved 1048576K
}
Event: 4520.708 GC heap after
{Heap after GC invocations=34 (full 0):
 garbage-first heap   total 307200K, used 101782K [0x00000000c0000000, 0x0000000100000000)
  region size 1024K, 16 young (16384K), 16 survivors (16384K)
 Metaspace       used 87426K, committed 89088K, reserved 1179648K
  class space    used 12711K, committed 13504K, reserved 1048576K
}
Event: 4524.358 GC heap before
{Heap before GC invocations=34 (full 0):
 garbage-first heap   total 307200K, used 170390K [0x00000000c0000000, 0x0000000100000000)
  region size 1024K, 85 young (87040K), 16 survivors (16384K)
 Metaspace       used 89487K, committed 91264K, reserved 1179648K
  class space    used 12988K, committed 13888K, reserved 1048576K
}
Event: 4524.367 GC heap after
{Heap after GC invocations=35 (full 0):
 garbage-first heap   total 307200K, used 112361K [0x00000000c0000000, 0x0000000100000000)
  region size 1024K, 11 young (11264K), 11 survivors (11264K)
 Metaspace       used 89487K, committed 91264K, reserved 1179648K
  class space    used 12988K, committed 13888K, reserved 1048576K
}
Event: 4547.452 GC heap before
{Heap before GC invocations=36 (full 0):
 garbage-first heap   total 307200K, used 263913K [0x00000000c0000000, 0x0000000100000000)
  region size 1024K, 148 young (151552K), 11 survivors (11264K)
 Metaspace       used 89972K, committed 91840K, reserved 1179648K
  class space    used 13023K, committed 13952K, reserved 1048576K
}

